<?xml version="1.0" encoding="UTF-8"?>
<testng-results ignored="0" total="2" passed="2" failed="0" skipped="0">
  <reporter-output>
  </reporter-output>
  <suite started-at="2025-05-31T14:55:55 IST" name="Suite" finished-at="2025-05-31T14:56:16 IST" duration-ms="20952">
    <groups>
    </groups>
    <test started-at="2025-05-31T14:55:55 IST" name="Test" finished-at="2025-05-31T14:56:16 IST" duration-ms="20952">
      <class name="computers.TC_DWS_010_Test">
        <test-method is-config="true" signature="reportConfiguration()[pri:0, instance:computers.TC_DWS_010_Test@7161d8d1]" started-at="2025-05-31T14:55:55 IST" name="reportConfiguration" finished-at="2025-05-31T14:55:55 IST" duration-ms="193" status="PASS">
          <reporter-output>
          </reporter-output>
        </test-method> <!-- reportConfiguration -->
        <test-method is-config="true" signature="openBrowser()[pri:0, instance:computers.TC_DWS_010_Test@7161d8d1]" started-at="2025-05-31T14:55:55 IST" name="openBrowser" finished-at="2025-05-31T14:56:03 IST" duration-ms="7302" status="PASS">
          <reporter-output>
          </reporter-output>
        </test-method> <!-- openBrowser -->
        <test-method is-config="true" signature="login()[pri:0, instance:computers.TC_DWS_010_Test@7161d8d1]" started-at="2025-05-31T14:56:03 IST" name="login" finished-at="2025-05-31T14:56:03 IST" duration-ms="721" status="PASS">
          <reporter-output>
          </reporter-output>
        </test-method> <!-- login -->
        <test-method signature="clickOnComputers()[pri:0, instance:computers.TC_DWS_010_Test@7161d8d1]" started-at="2025-05-31T14:56:03 IST" name="clickOnComputers" finished-at="2025-05-31T14:56:05 IST" duration-ms="1462" status="PASS">
          <reporter-output>
          </reporter-output>
        </test-method> <!-- clickOnComputers -->
        <test-method is-config="true" signature="logout()[pri:0, instance:computers.TC_DWS_010_Test@7161d8d1]" started-at="2025-05-31T14:56:05 IST" name="logout" finished-at="2025-05-31T14:56:06 IST" duration-ms="905" status="PASS">
          <reporter-output>
          </reporter-output>
        </test-method> <!-- logout -->
        <test-method is-config="true" signature="closeBrowser()[pri:0, instance:computers.TC_DWS_010_Test@7161d8d1]" started-at="2025-05-31T14:56:06 IST" name="closeBrowser" finished-at="2025-05-31T14:56:06 IST" duration-ms="268" status="PASS">
          <reporter-output>
          </reporter-output>
        </test-method> <!-- closeBrowser -->
        <test-method is-config="true" signature="reportBackup()[pri:0, instance:computers.TC_DWS_010_Test@7161d8d1]" started-at="2025-05-31T14:56:16 IST" name="reportBackup" finished-at="2025-05-31T14:56:17 IST" duration-ms="259" status="PASS">
          <reporter-output>
          </reporter-output>
        </test-method> <!-- reportBackup -->
      </class> <!-- computers.TC_DWS_010_Test -->
      <class name="books.TC_DWS_001_Test">
        <test-method is-config="true" signature="openBrowser()[pri:0, instance:books.TC_DWS_001_Test@53045c6c]" started-at="2025-05-31T14:56:06 IST" name="openBrowser" finished-at="2025-05-31T14:56:13 IST" duration-ms="6647" status="PASS">
          <reporter-output>
          </reporter-output>
        </test-method> <!-- openBrowser -->
        <test-method is-config="true" signature="login()[pri:0, instance:books.TC_DWS_001_Test@53045c6c]" started-at="2025-05-31T14:56:13 IST" name="login" finished-at="2025-05-31T14:56:14 IST" duration-ms="1462" status="PASS">
          <reporter-output>
          </reporter-output>
        </test-method> <!-- login -->
        <test-method signature="clickOnBooks()[pri:0, instance:books.TC_DWS_001_Test@53045c6c]" started-at="2025-05-31T14:56:14 IST" name="clickOnBooks" finished-at="2025-05-31T14:56:15 IST" duration-ms="1137" status="PASS">
          <reporter-output>
          </reporter-output>
        </test-method> <!-- clickOnBooks -->
        <test-method is-config="true" signature="logout()[pri:0, instance:books.TC_DWS_001_Test@53045c6c]" started-at="2025-05-31T14:56:15 IST" name="logout" finished-at="2025-05-31T14:56:16 IST" duration-ms="821" status="PASS">
          <reporter-output>
          </reporter-output>
        </test-method> <!-- logout -->
        <test-method is-config="true" signature="closeBrowser()[pri:0, instance:books.TC_DWS_001_Test@53045c6c]" started-at="2025-05-31T14:56:16 IST" name="closeBrowser" finished-at="2025-05-31T14:56:16 IST" duration-ms="186" status="PASS">
          <reporter-output>
          </reporter-output>
        </test-method> <!-- closeBrowser -->
      </class> <!-- books.TC_DWS_001_Test -->
    </test> <!-- Test -->
  </suite> <!-- Suite -->
</testng-results>
