<?xml version="1.0" encoding="UTF-8"?>
<!-- Generated by org.testng.reporters.JUnitXMLReporter -->
<testsuite ignored="2" hostname="CEL-BLR-LT-164" failures="0" tests="2" name="Test" time="20.952" errors="0" timestamp="2025-05-31T14:56:16 IST">
  <testcase classname="computers.TC_DWS_010_Test" name="clickOnComputers" time="1.462"/>
  <testcase classname="books.TC_DWS_001_Test" name="clickOnBooks" time="1.137"/>
  <testcase classname="genericutility.BaseClass" name="@BeforeSuite reportConfiguration" time="0.0">
    <ignored/>
  </testcase> <!-- @BeforeSuite reportConfiguration -->
  <testcase classname="genericutility.BaseClass" name="@AfterSuite reportBackup" time="0.0">
    <ignored/>
  </testcase> <!-- @AfterSuite reportBackup -->
</testsuite> <!-- Test -->
